src/interfaces/ui/screens/Settings.tsx:14:  // TODO: bind thực tế
src/interfaces/ui/screens/Settings.tsx:57:            onClick={() => alert("Mở cấu hình AI (TODO)")}
src/interfaces/ui/screens/Settings.tsx:195:  alert("Thực thi quy trình xoá tài khoản (xác nhận bước 2) – TODO.");
src/modules/bg/application/usecases/SaveBGLog.ts:17:    // TODO: telemetry: log_bg_submit_success / _error with { latency, unit: dto.unit, context: dto.context, device: navigator.userAgent }
src/modules/ai/cache.ts:33:  // TODO: For persistent caching, integrate with Supabase table "ai_cache"
src/modules/chart/infrastructure/adapters/ChartRepo.supabase.ts:92:  // ── Fallback OLTP (sau flag) — demo water + weight; TODO các loại khác
src/modules/chart/infrastructure/adapters/ChartRepo.supabase.ts:169:    bg_days_above_target_pct: null, // TODO khi có ngưỡng
src/app/profile/page.tsx:17:  // TODO: thay bằng cách lấy userId thực tế (tuỳ dự án bạn: supabase auth, cookie, v.v.)
src/app/profile/setup/page.tsx:78:    // TODO: nối API thật:
src/app/api/nudge/today/route.ts:24:    // TODO: Implement actual logic
src/app/api/nudge/ack/route.ts:52:    // TODO: Implement actual logic
src/app/api/relative/add/route.ts:49:    // TODO: Implement actual logic
src/app/api/relative/dashboard/route.ts:31:    // TODO: Implement actual logic
src/app/api/relative/log/[type]/route.ts:47:    // TODO: Implement actual logic
src/infrastructure/storage/viettel_client.ts:158:// TODO: Implement signed upload/download URL helpers (24h TTL) using DIA BRAIN proxy when gateway spec is finalized.
src/lib/storage/viettelS3.ts:101:    // TODO: Implement actual S3 upload using AWS SDK v3 or compatible library
src/lib/storage/viettelS3.ts:116:    // TODO: Implement actual presigned URL generation
src/lib/storage/viettelS3.ts:134:    // TODO: Implement actual S3 delete
src/lib/storage/viettelS3.ts:147:    // TODO: Implement actual S3 head object check
grep: modules/: No such file or directory
./scripts/meal_smoke.ts:7:const DEBUG_USER_ID = 'a9d5518d-ee4c-49ca-8b20-5a2d4aaa16a2';
./scripts/meal_smoke.ts:32:      'x-debug-user-id': DEBUG_USER_ID,
./config/feature-flags.ts:16:  | 'DEBUG_MODE'              // boolean
./config/feature-flags.ts:95:    DEBUG_MODE: process.env.NODE_ENV === 'development',
grep: ./audit_logs/todo.log: input file is also the output
./.git/hooks/sendemail-validate.sample:22:# Replace the TODO placeholders with appropriate checks according to your
./.git/hooks/sendemail-validate.sample:27:	# TODO: Replace with appropriate checks (e.g. spell checking).
./.git/hooks/sendemail-validate.sample:35:	# TODO: Replace with appropriate checks for this patch
./.git/hooks/sendemail-validate.sample:41:	# TODO: Replace with appropriate checks for the whole series
./P0_FIX_SUMMARY.md:99:- [ ] **TODO: Regenerate Supabase ANON_KEY** (current key expired Jan 2025)
./src/interfaces/ui/screens/Settings.tsx:14:  // TODO: bind thực tế
./src/interfaces/ui/screens/Settings.tsx:57:            onClick={() => alert("Mở cấu hình AI (TODO)")}
./src/interfaces/ui/screens/Settings.tsx:195:  alert("Thực thi quy trình xoá tài khoản (xác nhận bước 2) – TODO.");
./src/modules/bg/application/usecases/SaveBGLog.ts:17:    // TODO: telemetry: log_bg_submit_success / _error with { latency, unit: dto.unit, context: dto.context, device: navigator.userAgent }
./src/modules/ai/cache.ts:33:  // TODO: For persistent caching, integrate with Supabase table "ai_cache"
./src/modules/chart/infrastructure/adapters/ChartRepo.supabase.ts:92:  // ── Fallback OLTP (sau flag) — demo water + weight; TODO các loại khác
./src/modules/chart/infrastructure/adapters/ChartRepo.supabase.ts:169:    bg_days_above_target_pct: null, // TODO khi có ngưỡng
./src/app/profile/page.tsx:17:  // TODO: thay bằng cách lấy userId thực tế (tuỳ dự án bạn: supabase auth, cookie, v.v.)
./src/app/profile/setup/page.tsx:78:    // TODO: nối API thật:
./src/app/api/nudge/today/route.ts:24:    // TODO: Implement actual logic
./src/app/api/nudge/ack/route.ts:52:    // TODO: Implement actual logic
./src/app/api/relative/add/route.ts:49:    // TODO: Implement actual logic
./src/app/api/relative/dashboard/route.ts:31:    // TODO: Implement actual logic
./src/app/api/relative/log/[type]/route.ts:47:    // TODO: Implement actual logic
./src/infrastructure/storage/viettel_client.ts:158:// TODO: Implement signed upload/download URL helpers (24h TTL) using DIA BRAIN proxy when gateway spec is finalized.
./src/lib/storage/viettelS3.ts:101:    // TODO: Implement actual S3 upload using AWS SDK v3 or compatible library
./src/lib/storage/viettelS3.ts:116:    // TODO: Implement actual presigned URL generation
./src/lib/storage/viettelS3.ts:134:    // TODO: Implement actual S3 delete
./src/lib/storage/viettelS3.ts:147:    // TODO: Implement actual S3 head object check
./README_DOCKER.md:293:ENV DEBUG=*
./docs/PROJECT_CONTEXT_INDEX.md:40:- `viettel_client.ts` proxies `putObject`, `getObject`, and `deleteObject` calls through the DIA BRAIN storage gateway; signed URL support is tracked as a TODO. 【F:src/infrastructure/storage/viettel_client.ts†L1-L143】
./docs/tech/STORAGE_POLICY.md:13:2. Public assets should be served via signed URLs generated by DIA BRAIN; configure expiration ≤ 24h (TODO: issue signed download/upload URLs in `viettel_client.ts`).
